0 info it worked if it ends with ok
1 verbose cli [ 'node', '/usr/local/bin/npm', 'install', 'ionic@1.30' ]
2 info using npm@1.4.28
3 info using node@v0.10.32
4 warn package.json coffee@1.0.0 No repository field.
5 warn package.json coffee@1.0.0 No README data
6 verbose readDependencies using package.json deps
7 verbose cache add [ 'ionic@1.30', null ]
8 verbose cache add name=undefined spec="ionic@1.30" args=["ionic@1.30",null]
9 verbose parsed url { protocol: null,
9 verbose parsed url   slashes: null,
9 verbose parsed url   auth: null,
9 verbose parsed url   host: null,
9 verbose parsed url   port: null,
9 verbose parsed url   hostname: null,
9 verbose parsed url   hash: null,
9 verbose parsed url   search: null,
9 verbose parsed url   query: null,
9 verbose parsed url   pathname: 'ionic@1.30',
9 verbose parsed url   path: 'ionic@1.30',
9 verbose parsed url   href: 'ionic@1.30' }
10 verbose cache add name="ionic" spec="1.30" args=["ionic","1.30"]
11 verbose parsed url { protocol: null,
11 verbose parsed url   slashes: null,
11 verbose parsed url   auth: null,
11 verbose parsed url   host: null,
11 verbose parsed url   port: null,
11 verbose parsed url   hostname: null,
11 verbose parsed url   hash: null,
11 verbose parsed url   search: null,
11 verbose parsed url   query: null,
11 verbose parsed url   pathname: '1.30',
11 verbose parsed url   path: '1.30',
11 verbose parsed url   href: '1.30' }
12 verbose addNamed [ 'ionic', '1.30' ]
13 verbose addNamed [ null, '>=1.30.0-0 <1.31.0-0' ]
14 silly lockFile a12b75c8-ionic-1-30 ionic@1.30
15 verbose lock ionic@1.30 /Users/troymiles/.npm/a12b75c8-ionic-1-30.lock
16 silly addNameRange { name: 'ionic', range: '>=1.30.0-0 <1.31.0-0', hasData: false }
17 verbose request where is /ionic
18 verbose request registry https://registry.npmjs.org/
19 verbose request id f1176e21eb5f04a4
20 verbose url raw /ionic
21 verbose url resolving [ 'https://registry.npmjs.org/', './ionic' ]
22 verbose url resolved https://registry.npmjs.org/ionic
23 verbose request where is https://registry.npmjs.org/ionic
24 info trying registry request attempt 1 at 08:18:07
25 verbose etag "A5JUBCD6WZ7YB41YFK8SJASKS"
26 http GET https://registry.npmjs.org/ionic
27 http 200 https://registry.npmjs.org/ionic
28 silly registry.get cb [ 200,
28 silly registry.get   { date: 'Tue, 13 Jan 2015 16:18:08 GMT',
28 silly registry.get     server: 'CouchDB/1.5.0 (Erlang OTP/R16B03)',
28 silly registry.get     etag: '"CMSPXBH5ZXRJIHJHK0N731Q5V"',
28 silly registry.get     'content-type': 'application/json',
28 silly registry.get     'cache-control': 'max-age=60',
28 silly registry.get     'content-length': '181731',
28 silly registry.get     'accept-ranges': 'bytes',
28 silly registry.get     via: '1.1 varnish',
28 silly registry.get     age: '0',
28 silly registry.get     'x-served-by': 'cache-lax1421-LAX',
28 silly registry.get     'x-cache': 'HIT',
28 silly registry.get     'x-cache-hits': '1',
28 silly registry.get     'x-timer': 'S1421165888.381961,VS0,VE41',
28 silly registry.get     vary: 'Accept',
28 silly registry.get     'keep-alive': 'timeout=10, max=50',
28 silly registry.get     connection: 'Keep-Alive' } ]
29 silly addNameRange number 2 { name: 'ionic', range: '>=1.30.0-0 <1.31.0-0', hasData: true }
30 silly addNameRange versions [ 'ionic',
30 silly addNameRange   [ '0.9.6',
30 silly addNameRange     '0.9.8',
30 silly addNameRange     '0.9.9',
30 silly addNameRange     '0.9.10',
30 silly addNameRange     '0.9.11',
30 silly addNameRange     '0.9.12',
30 silly addNameRange     '0.9.13',
30 silly addNameRange     '0.9.14',
30 silly addNameRange     '0.9.15',
30 silly addNameRange     '0.9.16',
30 silly addNameRange     '1.0.0-beta.1',
30 silly addNameRange     '1.0.0-beta',
30 silly addNameRange     '1.0.1-beta',
30 silly addNameRange     '1.0.3-beta',
30 silly addNameRange     '1.0.4',
30 silly addNameRange     '1.0.5',
30 silly addNameRange     '1.0.6',
30 silly addNameRange     '1.0.7',
30 silly addNameRange     '1.0.8',
30 silly addNameRange     '1.0.9',
30 silly addNameRange     '1.0.10',
30 silly addNameRange     '1.0.11',
30 silly addNameRange     '1.0.12',
30 silly addNameRange     '1.0.13',
30 silly addNameRange     '1.0.14',
30 silly addNameRange     '1.0.15',
30 silly addNameRange     '1.0.16',
30 silly addNameRange     '1.0.17',
30 silly addNameRange     '1.1.0-beta1',
30 silly addNameRange     '1.1.0-beta2',
30 silly addNameRange     '1.1.0-beta3',
30 silly addNameRange     '1.1.0-beta4',
30 silly addNameRange     '1.1.0-beta5',
30 silly addNameRange     '1.1.0-beta6',
30 silly addNameRange     '1.1.0',
30 silly addNameRange     '1.1.1-beta1',
30 silly addNameRange     '1.1.1-beta2',
30 silly addNameRange     '1.1.1-beta3',
30 silly addNameRange     '1.1.1',
30 silly addNameRange     '1.1.3',
30 silly addNameRange     '1.1.4',
30 silly addNameRange     '1.1.5-beta1',
30 silly addNameRange     '1.1.5-beta2',
30 silly addNameRange     '1.1.5-beta3',
30 silly addNameRange     '1.1.5-beta4',
30 silly addNameRange     '1.1.5-beta5',
30 silly addNameRange     '1.1.5',
30 silly addNameRange     '1.1.6',
30 silly addNameRange     '1.1.7-beta1',
30 silly addNameRange     '1.1.7',
30 silly addNameRange     '1.1.8-beta1',
30 silly addNameRange     '1.1.8-beta2',
30 silly addNameRange     '1.1.8-beta3',
30 silly addNameRange     '1.1.8-beta4',
30 silly addNameRange     '1.1.8-beta5',
30 silly addNameRange     '1.1.8',
30 silly addNameRange     '1.1.9-beta1',
30 silly addNameRange     '1.1.9',
30 silly addNameRange     '1.1.10',
30 silly addNameRange     '1.1.11-beta1',
30 silly addNameRange     '1.1.11-beta2',
30 silly addNameRange     '1.1.11',
30 silly addNameRange     '1.1.12-beta1',
30 silly addNameRange     '1.1.12-beta2',
30 silly addNameRange     '1.1.12-beta3',
30 silly addNameRange     '1.1.12',
30 silly addNameRange     '1.1.13',
30 silly addNameRange     '1.1.14-beta1',
30 silly addNameRange     '1.1.14-beta2',
30 silly addNameRange     '1.1.14-beta3',
30 silly addNameRange     '1.2.0-beta1',
30 silly addNameRange     '1.2.0',
30 silly addNameRange     '1.2.1-beta1',
30 silly addNameRange     '1.2.1-beta2',
30 silly addNameRange     '1.2.1-beta3',
30 silly addNameRange     '1.2.1-beta4',
30 silly addNameRange     '1.2.1',
30 silly addNameRange     '1.2.2',
30 silly addNameRange     '1.2.3-beta1',
30 silly addNameRange     '1.2.3-beta2',
30 silly addNameRange     '1.2.3-beta3',
30 silly addNameRange     '1.2.3',
30 silly addNameRange     '1.2.4-beta1',
30 silly addNameRange     '1.2.4-beta2',
30 silly addNameRange     '1.2.4-beta3',
30 silly addNameRange     '1.2.4',
30 silly addNameRange     '1.2.5-beta1',
30 silly addNameRange     '1.2.5-beta2',
30 silly addNameRange     '1.2.5-beta3',
30 silly addNameRange     '1.2.5',
30 silly addNameRange     '1.2.6-beta1',
30 silly addNameRange     '1.2.6-beta2',
30 silly addNameRange     '1.2.6-beta3',
30 silly addNameRange     '1.2.6',
30 silly addNameRange     '1.2.7',
30 silly addNameRange     '1.2.8-beta1',
30 silly addNameRange     '1.2.8-beta2',
30 silly addNameRange     '1.2.8',
30 silly addNameRange     '1.2.9',
30 silly addNameRange     '1.2.10',
30 silly addNameRange     '1.2.11',
30 silly addNameRange     '1.2.12',
30 silly addNameRange     '1.2.13',
30 silly addNameRange     '1.2.14-beta1',
30 silly addNameRange     '1.2.14-beta2',
30 silly addNameRange     '1.2.14-beta3',
30 silly addNameRange     '1.2.14-beta4',
30 silly addNameRange     '1.2.14-beta5',
30 silly addNameRange     '1.2.14-beta6',
30 silly addNameRange     '1.2.14',
30 silly addNameRange     '1.3.0-beta1',
30 silly addNameRange     '1.3.0',
30 silly addNameRange     '1.3.1' ] ]
31 silly lockFile a12b75c8-ionic-1-30 ionic@1.30
32 silly lockFile a12b75c8-ionic-1-30 ionic@1.30
33 error notarget No compatible version found: ionic@'>=1.30.0-0 <1.31.0-0'
33 error notarget Valid install targets:
33 error notarget ["1.1.0-beta1","1.1.0-beta2","1.1.0-beta3","1.1.0-beta4","1.1.0-beta5","1.1.0-beta6","1.1.1-beta1","1.1.1-beta2","1.1.1-beta3","1.1.5-beta1","1.1.5-beta2","1.1.5-beta3","1.1.5-beta4","1.1.5-beta5","1.1.7-beta1","1.1.8-beta1","1.1.8-beta2","1.1.8-beta3","1.1.8-beta4","1.1.8-beta5","1.1.9-beta1","1.1.11-beta1","1.1.11-beta2","1.1.12-beta1","1.1.12-beta2","1.1.12-beta3","1.1.14-beta1","1.1.14-beta2","1.1.14-beta3","1.2.0-beta1","1.2.1-beta1","1.2.1-beta2","1.2.1-beta3","1.2.1-beta4","1.2.3-beta1","1.2.3-beta2","1.2.3-beta3","1.2.4-beta1","1.2.4-beta2","1.2.4-beta3","1.2.5-beta1","1.2.5-beta2","1.2.5-beta3","1.2.6-beta1","1.2.6-beta2","1.2.6-beta3","1.2.8-beta1","1.2.8-beta2","1.2.14-beta1","1.2.14-beta2","1.2.14-beta3","1.2.14-beta4","1.2.14-beta5","1.2.14-beta6","0.9.6","0.9.8","0.9.9","0.9.10","0.9.11","0.9.12","0.9.13","0.9.14","0.9.15","0.9.16","1.0.0-beta.1","1.0.0-beta","1.0.1-beta","1.0.3-beta","1.0.4","1.0.5","1.0.6","1.0.7","1.0.8","1.0.9","1.0.10","1.0.11","1.0.12","1.0.13","1.0.14","1.0.15","1.0.16","1.0.17","1.1.0-beta1","1.1.0-beta2","1.1.0-beta3","1.1.0-beta4","1.1.0-beta5","1.1.0-beta6","1.1.0","1.1.1-beta1","1.1.1-beta2","1.1.1-beta3","1.1.1","1.1.3","1.1.4","1.1.5-beta1","1.1.5-beta2","1.1.5-beta3","1.1.5-beta4","1.1.5-beta5","1.1.5","1.1.6","1.1.7-beta1","1.1.7","1.1.8-beta1","1.1.8-beta2","1.1.8-beta3","1.1.8-beta4","1.1.8-beta5","1.1.8","1.1.9-beta1","1.1.9","1.1.10","1.1.11-beta1","1.1.11-beta2","1.1.11","1.1.12-beta1","1.1.12-beta2","1.1.12-beta3","1.1.12","1.1.13","1.1.14-beta1","1.1.14-beta2","1.1.14-beta3","1.2.0-beta1","1.2.0","1.2.1-beta1","1.2.1-beta2","1.2.1-beta3","1.2.1-beta4","1.2.1","1.2.2","1.2.3-beta1","1.2.3-beta2","1.2.3-beta3","1.2.3","1.2.4-beta1","1.2.4-beta2","1.2.4-beta3","1.2.4","1.2.5-beta1","1.2.5-beta2","1.2.5-beta3","1.2.5","1.2.6-beta1","1.2.6-beta2","1.2.6-beta3","1.2.6","1.2.7","1.2.8-beta1","1.2.8-beta2","1.2.8","1.2.9","1.2.10","1.2.11","1.2.12","1.2.13","1.2.14-beta1","1.2.14-beta2","1.2.14-beta3","1.2.14-beta4","1.2.14-beta5","1.2.14-beta6","1.2.14","1.3.0-beta1","1.3.0","1.3.1"]
33 error notarget
33 error notarget This is most likely not a problem with npm itself.
33 error notarget In most cases you or one of your dependencies are requesting
33 error notarget a package version that doesn't exist.
34 error System Darwin 14.1.0
35 error command "node" "/usr/local/bin/npm" "install" "ionic@1.30"
36 error cwd /Users/troymiles/Documents/Projects/ionic/coffee
37 error node -v v0.10.32
38 error npm -v 1.4.28
39 error code ETARGET
40 verbose exit [ 1, true ]
